# JRE version: OpenJDK Runtime Environment Temurin-17.0.9+9 (17.0.9+9) (build 17.0.9+9)
# Java VM: OpenJDK 64-Bit Server VM Temurin-17.0.9+9 (17.0.9+9, mixed mode, tiered, compressed oops, compressed class ptrs, parallel gc, linux-amd64)
GC Precious Log:
 CPUs: 2 total, 2 available
 Memory: 984M
 Large Page Support: Disabled
 NUMA Support: Disabled
 Compressed Oops: Enabled (32-bit)
 Alignments: Space 512K, Generation 512K, Heap 2M
 Heap Min Capacity: 100M
 Heap Initial Capacity: 100M
 Heap Max Capacity: 1G
 Pre-touch: Disabled
 Parallel Workers: 2
Heap:
 PSYoungGen      total 16384K, used 2040K [0x00000000eab00000, 0x00000000ebf00000, 0x0000000100000000)
  eden space 14336K, 0% used [0x00000000eab00000,0x00000000eab00000,0x00000000eb900000)
  from space 2048K, 99% used [0x00000000ebd00000,0x00000000ebefe3b8,0x00000000ebf00000)
  to   space 3072K, 0% used [0x00000000eba00000,0x00000000eba00000,0x00000000ebd00000)
 ParOldGen       total 68608K, used 64704K [0x00000000c0000000, 0x00000000c4300000, 0x00000000eab00000)
  object space 68608K, 94% used [0x00000000c0000000,0x00000000c3f301b8,0x00000000c4300000)
 Metaspace       used 56587K, committed 57728K, reserved 1114112K
  class space    used 6149K, committed 6656K, reserved 1048576K
GC Heap History (20 events):
Event: 21.768 GC heap after
{Heap after GC invocations=26 (full 2):
 PSYoungGen      total 20480K, used 1528K [0x00000000eab00000, 0x00000000ec700000, 0x0000000100000000)
  eden space 18944K, 0% used [0x00000000eab00000,0x00000000eab00000,0x00000000ebd80000)
  from space 1536K, 99% used [0x00000000ec180000,0x00000000ec2fe068,0x00000000ec300000)
  to   space 4096K, 0% used [0x00000000ebd80000,0x00000000ebd80000,0x00000000ec180000)
 ParOldGen       total 68608K, used 34360K [0x00000000c0000000, 0x00000000c4300000, 0x00000000eab00000)
  object space 68608K, 50% used [0x00000000c0000000,0x00000000c218e138,0x00000000c4300000)
 Metaspace       used 54832K, committed 55872K, reserved 1114112K
  class space    used 5962K, committed 6400K, reserved 1048576K
}
Event: 22.016 GC heap before
{Heap before GC invocations=27 (full 2):
 PSYoungGen      total 20480K, used 20459K [0x00000000eab00000, 0x00000000ec700000, 0x0000000100000000)
  eden space 18944K, 99% used [0x00000000eab00000,0x00000000ebd7cf00,0x00000000ebd80000)
  from space 1536K, 99% used [0x00000000ec180000,0x00000000ec2fe068,0x00000000ec300000)
  to   space 4096K, 0% used [0x00000000ebd80000,0x00000000ebd80000,0x00000000ec180000)
 ParOldGen       total 68608K, used 34360K [0x00000000c0000000, 0x00000000c4300000, 0x00000000eab00000)
  object space 68608K, 50% used [0x00000000c0000000,0x00000000c218e138,0x00000000c4300000)
 Metaspace       used 54909K, committed 55872K, reserved 1114112K
  class space    used 5977K, committed 6400K, reserved 1048576K
}
Event: 22.026 GC heap after
{Heap after GC invocations=27 (full 2):
 PSYoungGen      total 20992K, used 1863K [0x00000000eab00000, 0x00000000ec280000, 0x0000000100000000)
  eden space 18944K, 0% used [0x00000000eab00000,0x00000000eab00000,0x00000000ebd80000)
  from space 2048K, 90% used [0x00000000ebd80000,0x00000000ebf51c18,0x00000000ebf80000)
  to   space 2560K, 0% used [0x00000000ec000000,0x00000000ec000000,0x00000000ec280000)
 ParOldGen       total 68608K, used 35862K [0x00000000c0000000, 0x00000000c4300000, 0x00000000eab00000)
  object space 68608K, 52% used [0x00000000c0000000,0x00000000c2305910,0x00000000c4300000)
 Metaspace       used 54909K, committed 55872K, reserved 1114112K
  class space    used 5977K, committed 6400K, reserved 1048576K
}
Event: 22.773 GC heap before
{Heap before GC invocations=28 (full 2):
 PSYoungGen      total 20992K, used 20807K [0x00000000eab00000, 0x00000000ec280000, 0x0000000100000000)
  eden space 18944K, 100% used [0x00000000eab00000,0x00000000ebd80000,0x00000000ebd80000)
  from space 2048K, 90% used [0x00000000ebd80000,0x00000000ebf51c18,0x00000000ebf80000)
  to   space 2560K, 0% used [0x00000000ec000000,0x00000000ec000000,0x00000000ec280000)
 ParOldGen       total 68608K, used 35862K [0x00000000c0000000, 0x00000000c4300000, 0x00000000eab00000)
  object space 68608K, 52% used [0x00000000c0000000,0x00000000c2305910,0x00000000c4300000)
 Metaspace       used 55266K, committed 56256K, reserved 1114112K
  class space    used 6004K, committed 6464K, reserved 1048576K
}
Event: 22.992 GC heap after
{Heap after GC invocations=28 (full 2):
 PSYoungGen      total 21504K, used 2407K [0x00000000eab00000, 0x00000000ec280000, 0x0000000100000000)
  eden space 18944K, 0% used [0x00000000eab00000,0x00000000eab00000,0x00000000ebd80000)
  from space 2560K, 94% used [0x00000000ec000000,0x00000000ec259cd8,0x00000000ec280000)
  to   space 2560K, 0% used [0x00000000ebd80000,0x00000000ebd80000,0x00000000ec000000)
 ParOldGen       total 68608K, used 37340K [0x00000000c0000000, 0x00000000c4300000, 0x00000000eab00000)
  object space 68608K, 54% used [0x00000000c0000000,0x00000000c2477070,0x00000000c4300000)
 Metaspace       used 55266K, committed 56256K, reserved 1114112K
  class space    used 6004K, committed 6464K, reserved 1048576K
}
Event: 23.801 GC heap before
{Heap before GC invocations=29 (full 2):
 PSYoungGen      total 21504K, used 21351K [0x00000000eab00000, 0x00000000ec280000, 0x0000000100000000)
  eden space 18944K, 100% used [0x00000000eab00000,0x00000000ebd80000,0x00000000ebd80000)
  from space 2560K, 94% used [0x00000000ec000000,0x00000000ec259cd8,0x00000000ec280000)
  to   space 2560K, 0% used [0x00000000ebd80000,0x00000000ebd80000,0x00000000ec000000)
 ParOldGen       total 68608K, used 37340K [0x00000000c0000000, 0x00000000c4300000, 0x00000000eab00000)
  object space 68608K, 54% used [0x00000000c0000000,0x00000000c2477070,0x00000000c4300000)
 Metaspace       used 55878K, committed 56960K, reserved 1114112K
  class space    used 6074K, committed 6528K, reserved 1048576K
}
Event: 24.016 GC heap after
{Heap after GC invocations=29 (full 2):
 PSYoungGen      total 21504K, used 2528K [0x00000000eab00000, 0x00000000ec980000, 0x0000000100000000)
  eden space 18944K, 0% used [0x00000000eab00000,0x00000000eab00000,0x00000000ebd80000)
  from space 2560K, 98% used [0x00000000ebd80000,0x00000000ebff81a8,0x00000000ec000000)
  to   space 6144K, 0% used [0x00000000ec380000,0x00000000ec380000,0x00000000ec980000)
 ParOldGen       total 68608K, used 40247K [0x00000000c0000000, 0x00000000c4300000, 0x00000000eab00000)
  object space 68608K, 58% used [0x00000000c0000000,0x00000000c274dd38,0x00000000c4300000)
 Metaspace       used 55878K, committed 56960K, reserved 1114112K
  class space    used 6074K, committed 6528K, reserved 1048576K
}
Event: 24.655 GC heap before
{Heap before GC invocations=30 (full 2):
 PSYoungGen      total 21504K, used 21472K [0x00000000eab00000, 0x00000000ec980000, 0x0000000100000000)
  eden space 18944K, 100% used [0x00000000eab00000,0x00000000ebd80000,0x00000000ebd80000)
  from space 2560K, 98% used [0x00000000ebd80000,0x00000000ebff81a8,0x00000000ec000000)
  to   space 6144K, 0% used [0x00000000ec380000,0x00000000ec380000,0x00000000ec980000)
 ParOldGen       total 68608K, used 40247K [0x00000000c0000000, 0x00000000c4300000, 0x00000000eab00000)
  object space 68608K, 58% used [0x00000000c0000000,0x00000000c274dd38,0x00000000c4300000)
 Metaspace       used 56049K, committed 57152K, reserved 1114112K
  class space    used 6096K, committed 6592K, reserved 1048576K
}
Event: 24.826 GC heap after
{Heap after GC invocations=30 (full 2):
 PSYoungGen      total 23040K, used 3906K [0x00000000eab00000, 0x00000000ec780000, 0x0000000100000000)
  eden space 18944K, 0% used [0x00000000eab00000,0x00000000eab00000,0x00000000ebd80000)
  from space 4096K, 95% used [0x00000000ec380000,0x00000000ec7509f0,0x00000000ec780000)
  to   space 4608K, 0% used [0x00000000ebe80000,0x00000000ebe80000,0x00000000ec300000)
 ParOldGen       total 68608K, used 42739K [0x00000000c0000000, 0x00000000c4300000, 0x00000000eab00000)
  object space 68608K, 62% used [0x00000000c0000000,0x00000000c29bcc60,0x00000000c4300000)
 Metaspace       used 56049K, committed 57152K, reserved 1114112K
  class space    used 6096K, committed 6592K, reserved 1048576K
}
Event: 25.992 GC heap before
{Heap before GC invocations=31 (full 2):
 PSYoungGen      total 23040K, used 22850K [0x00000000eab00000, 0x00000000ec780000, 0x0000000100000000)
  eden space 18944K, 100% used [0x00000000eab00000,0x00000000ebd80000,0x00000000ebd80000)
  from space 4096K, 95% used [0x00000000ec380000,0x00000000ec7509f0,0x00000000ec780000)
  to   space 4608K, 0% used [0x00000000ebe80000,0x00000000ebe80000,0x00000000ec300000)
 ParOldGen       total 68608K, used 42739K [0x00000000c0000000, 0x00000000c4300000, 0x00000000eab00000)
  object space 68608K, 62% used [0x00000000c0000000,0x00000000c29bcc60,0x00000000c4300000)
 Metaspace       used 56196K, committed 57280K, reserved 1114112K
  class space    used 6109K, committed 6592K, reserved 1048576K
}
Event: 26.712 GC heap after
{Heap after GC invocations=31 (full 2):
 PSYoungGen      total 23040K, used 4032K [0x00000000eab00000, 0x00000000ec580000, 0x0000000100000000)
  eden space 18944K, 0% used [0x00000000eab00000,0x00000000eab00000,0x00000000ebd80000)
  from space 4096K, 98% used [0x00000000ebe80000,0x00000000ec270340,0x00000000ec280000)
  to   space 3072K, 0% used [0x00000000ec280000,0x00000000ec280000,0x00000000ec580000)
 ParOldGen       total 68608K, used 46597K [0x00000000c0000000, 0x00000000c4300000, 0x00000000eab00000)
  object space 68608K, 67% used [0x00000000c0000000,0x00000000c2d815c0,0x00000000c4300000)
 Metaspace       used 56196K, committed 57280K, reserved 1114112K
  class space    used 6109K, committed 6592K, reserved 1048576K
}
Event: 49.836 GC heap before
{Heap before GC invocations=32 (full 2):
 PSYoungGen      total 23040K, used 22976K [0x00000000eab00000, 0x00000000ec580000, 0x0000000100000000)
  eden space 18944K, 100% used [0x00000000eab00000,0x00000000ebd80000,0x00000000ebd80000)
  from space 4096K, 98% used [0x00000000ebe80000,0x00000000ec270340,0x00000000ec280000)
  to   space 3072K, 0% used [0x00000000ec280000,0x00000000ec280000,0x00000000ec580000)
 ParOldGen       total 68608K, used 46597K [0x00000000c0000000, 0x00000000c4300000, 0x00000000eab00000)
  object space 68608K, 67% used [0x00000000c0000000,0x00000000c2d815c0,0x00000000c4300000)
 Metaspace       used 56304K, committed 57408K, reserved 1114112K
  class space    used 6121K, committed 6656K, reserved 1048576K
}
Event: 50.074 GC heap after
{Heap after GC invocations=32 (full 2):
 PSYoungGen      total 17408K, used 3056K [0x00000000eab00000, 0x00000000ed080000, 0x0000000100000000)
  eden space 14336K, 0% used [0x00000000eab00000,0x00000000eab00000,0x00000000eb900000)
  from space 3072K, 99% used [0x00000000ec280000,0x00000000ec57c310,0x00000000ec580000)
  to   space 9728K, 0% used [0x00000000eb900000,0x00000000eb900000,0x00000000ec280000)
 ParOldGen       total 68608K, used 52156K [0x00000000c0000000, 0x00000000c4300000, 0x00000000eab00000)
  object space 68608K, 76% used [0x00000000c0000000,0x00000000c32ef0f8,0x00000000c4300000)
 Metaspace       used 56304K, committed 57408K, reserved 1114112K
  class space    used 6121K, committed 6656K, reserved 1048576K
}
Event: 63.413 GC heap before
{Heap before GC invocations=33 (full 2):
 PSYoungGen      total 17408K, used 17392K [0x00000000eab00000, 0x00000000ed080000, 0x0000000100000000)
  eden space 14336K, 100% used [0x00000000eab00000,0x00000000eb900000,0x00000000eb900000)
  from space 3072K, 99% used [0x00000000ec280000,0x00000000ec57c310,0x00000000ec580000)
  to   space 9728K, 0% used [0x00000000eb900000,0x00000000eb900000,0x00000000ec280000)
 ParOldGen       total 68608K, used 52156K [0x00000000c0000000, 0x00000000c4300000, 0x00000000eab00000)
  object space 68608K, 76% used [0x00000000c0000000,0x00000000c32ef0f8,0x00000000c4300000)
 Metaspace       used 56462K, committed 57536K, reserved 1114112K
  class space    used 6134K, committed 6656K, reserved 1048576K
}
Event: 63.431 GC heap after
{Heap after GC invocations=33 (full 2):
 PSYoungGen      total 17408K, used 2813K [0x00000000eab00000, 0x00000000ec300000, 0x0000000100000000)
  eden space 14336K, 0% used [0x00000000eab00000,0x00000000eab00000,0x00000000eb900000)
  from space 3072K, 91% used [0x00000000eb900000,0x00000000ebbbf568,0x00000000ebc00000)
  to   space 5120K, 0% used [0x00000000ebe00000,0x00000000ebe00000,0x00000000ec300000)
 ParOldGen       total 68608K, used 55130K [0x00000000c0000000, 0x00000000c4300000, 0x00000000eab00000)
  object space 68608K, 80% used [0x00000000c0000000,0x00000000c35d6938,0x00000000c4300000)
 Metaspace       used 56462K, committed 57536K, reserved 1114112K
  class space    used 6134K, committed 6656K, reserved 1048576K
}
Event: 64.945 GC heap before
{Heap before GC invocations=34 (full 2):
 PSYoungGen      total 17408K, used 17149K [0x00000000eab00000, 0x00000000ec300000, 0x0000000100000000)
  eden space 14336K, 100% used [0x00000000eab00000,0x00000000eb900000,0x00000000eb900000)
  from space 3072K, 91% used [0x00000000eb900000,0x00000000ebbbf568,0x00000000ebc00000)
  to   space 5120K, 0% used [0x00000000ebe00000,0x00000000ebe00000,0x00000000ec300000)
 ParOldGen       total 68608K, used 55130K [0x00000000c0000000, 0x00000000c4300000, 0x00000000eab00000)
  object space 68608K, 80% used [0x00000000c0000000,0x00000000c35d6938,0x00000000c4300000)
 Metaspace       used 56535K, committed 57600K, reserved 1114112K
  class space    used 6144K, committed 6656K, reserved 1048576K
}
Event: 65.278 GC heap after
{Heap after GC invocations=34 (full 2):
 PSYoungGen      total 17408K, used 3001K [0x00000000eab00000, 0x00000000ec100000, 0x0000000100000000)
  eden space 14336K, 0% used [0x00000000eab00000,0x00000000eab00000,0x00000000eb900000)
  from space 3072K, 97% used [0x00000000ebe00000,0x00000000ec0ee478,0x00000000ec100000)
  to   space 3584K, 0% used [0x00000000eba00000,0x00000000eba00000,0x00000000ebd80000)
 ParOldGen       total 68608K, used 57877K [0x00000000c0000000, 0x00000000c4300000, 0x00000000eab00000)
  object space 68608K, 84% used [0x00000000c0000000,0x00000000c3885700,0x00000000c4300000)
 Metaspace       used 56535K, committed 57600K, reserved 1114112K
  class space    used 6144K, committed 6656K, reserved 1048576K
}
Event: 66.144 GC heap before
{Heap before GC invocations=35 (full 2):
 PSYoungGen      total 17408K, used 17337K [0x00000000eab00000, 0x00000000ec100000, 0x0000000100000000)
  eden space 14336K, 100% used [0x00000000eab00000,0x00000000eb900000,0x00000000eb900000)
  from space 3072K, 97% used [0x00000000ebe00000,0x00000000ec0ee478,0x00000000ec100000)
  to   space 3584K, 0% used [0x00000000eba00000,0x00000000eba00000,0x00000000ebd80000)
 ParOldGen       total 68608K, used 57877K [0x00000000c0000000, 0x00000000c4300000, 0x00000000eab00000)
  object space 68608K, 84% used [0x00000000c0000000,0x00000000c3885700,0x00000000c4300000)
 Metaspace       used 56544K, committed 57600K, reserved 1114112K
  class space    used 6144K, committed 6656K, reserved 1048576K
}
Event: 66.641 GC heap after
{Heap after GC invocations=35 (full 2):
 PSYoungGen      total 17408K, used 3040K [0x00000000eab00000, 0x00000000ebf00000, 0x0000000100000000)
  eden space 14336K, 0% used [0x00000000eab00000,0x00000000eab00000,0x00000000eb900000)
  from space 3072K, 98% used [0x00000000eba00000,0x00000000ebcf82d0,0x00000000ebd00000)
  to   space 2048K, 0% used [0x00000000ebd00000,0x00000000ebd00000,0x00000000ebf00000)
 ParOldGen       total 68608K, used 60892K [0x00000000c0000000, 0x00000000c4300000, 0x00000000eab00000)
  object space 68608K, 88% used [0x00000000c0000000,0x00000000c3b77138,0x00000000c4300000)
 Metaspace       used 56544K, committed 57600K, reserved 1114112K
  class space    used 6144K, committed 6656K, reserved 1048576K
}
Event: 68.659 GC heap before
{Heap before GC invocations=36 (full 2):
 PSYoungGen      total 17408K, used 17376K [0x00000000eab00000, 0x00000000ebf00000, 0x0000000100000000)
  eden space 14336K, 100% used [0x00000000eab00000,0x00000000eb900000,0x00000000eb900000)
  from space 3072K, 98% used [0x00000000eba00000,0x00000000ebcf82d0,0x00000000ebd00000)
  to   space 2048K, 0% used [0x00000000ebd00000,0x00000000ebd00000,0x00000000ebf00000)
 ParOldGen       total 68608K, used 60892K [0x00000000c0000000, 0x00000000c4300000, 0x00000000eab00000)
  object space 68608K, 88% used [0x00000000c0000000,0x00000000c3b77138,0x00000000c4300000)
 Metaspace       used 56587K, committed 57728K, reserved 1114112K
  class space    used 6149K, committed 6656K, reserved 1048576K
}

