# JRE version: OpenJDK Runtime Environment Temurin-17.0.9+9 (17.0.9+9) (build 17.0.9+9)
# Java VM: OpenJDK 64-Bit Server VM Temurin-17.0.9+9 (17.0.9+9, mixed mode, tiered, compressed oops, compressed class ptrs, parallel gc, linux-amd64)
GC Precious Log:
 CPUs: 2 total, 2 available
 Memory: 984M
 Large Page Support: Disabled
 NUMA Support: Disabled
 Compressed Oops: Enabled (32-bit)
 Alignments: Space 512K, Generation 512K, Heap 2M
 Heap Min Capacity: 100M
 Heap Initial Capacity: 100M
 Heap Max Capacity: 1G
 Pre-touch: Disabled
 Parallel Workers: 2
Heap:
 PSYoungGen      total 24576K, used 0K [0x00000000eab00000, 0x00000000ec800000, 0x0000000100000000)
  eden space 20992K, 0% used [0x00000000eab00000,0x00000000eab00000,0x00000000ebf80000)
  from space 3584K, 0% used [0x00000000ec100000,0x00000000ec100000,0x00000000ec480000)
  to   space 3072K, 0% used [0x00000000ec500000,0x00000000ec500000,0x00000000ec800000)
 ParOldGen       total 132096K, used 127377K [0x00000000c0000000, 0x00000000c8100000, 0x00000000eab00000)
  object space 132096K, 96% used [0x00000000c0000000,0x00000000c7c64558,0x00000000c8100000)
 Metaspace       used 57737K, committed 58880K, reserved 1114112K
  class space    used 6244K, committed 6720K, reserved 1048576K
GC Heap History (20 events):
Event: 75.958 GC heap after
{Heap after GC invocations=59 (full 4):
 PSYoungGen      total 18432K, used 3556K [0x00000000eab00000, 0x00000000ecc00000, 0x0000000100000000)
  eden space 14848K, 0% used [0x00000000eab00000,0x00000000eab00000,0x00000000eb980000)
  from space 3584K, 99% used [0x00000000eb980000,0x00000000ebcf9100,0x00000000ebd00000)
  to   space 8704K, 0% used [0x00000000ec380000,0x00000000ec380000,0x00000000ecc00000)
 ParOldGen       total 132096K, used 96195K [0x00000000c0000000, 0x00000000c8100000, 0x00000000eab00000)
  object space 132096K, 72% used [0x00000000c0000000,0x00000000c5df0da0,0x00000000c8100000)
 Metaspace       used 56975K, committed 58048K, reserved 1114112K
  class space    used 6162K, committed 6656K, reserved 1048576K
}
Event: 76.004 GC heap before
{Heap before GC invocations=60 (full 4):
 PSYoungGen      total 18432K, used 18404K [0x00000000eab00000, 0x00000000ecc00000, 0x0000000100000000)
  eden space 14848K, 100% used [0x00000000eab00000,0x00000000eb980000,0x00000000eb980000)
  from space 3584K, 99% used [0x00000000eb980000,0x00000000ebcf9100,0x00000000ebd00000)
  to   space 8704K, 0% used [0x00000000ec380000,0x00000000ec380000,0x00000000ecc00000)
 ParOldGen       total 132096K, used 96195K [0x00000000c0000000, 0x00000000c8100000, 0x00000000eab00000)
  object space 132096K, 72% used [0x00000000c0000000,0x00000000c5df0da0,0x00000000c8100000)
 Metaspace       used 57081K, committed 58240K, reserved 1114112K
  class space    used 6168K, committed 6656K, reserved 1048576K
}
Event: 76.016 GC heap after
{Heap after GC invocations=60 (full 4):
 PSYoungGen      total 19968K, used 3273K [0x00000000eab00000, 0x00000000ec700000, 0x0000000100000000)
  eden space 16384K, 0% used [0x00000000eab00000,0x00000000eab00000,0x00000000ebb00000)
  from space 3584K, 91% used [0x00000000ec380000,0x00000000ec6b26a8,0x00000000ec700000)
  to   space 5120K, 0% used [0x00000000ebd00000,0x00000000ebd00000,0x00000000ec200000)
 ParOldGen       total 132096K, used 99677K [0x00000000c0000000, 0x00000000c8100000, 0x00000000eab00000)
  object space 132096K, 75% used [0x00000000c0000000,0x00000000c6157790,0x00000000c8100000)
 Metaspace       used 57081K, committed 58240K, reserved 1114112K
  class space    used 6168K, committed 6656K, reserved 1048576K
}
Event: 76.256 GC heap before
{Heap before GC invocations=61 (full 4):
 PSYoungGen      total 19968K, used 19657K [0x00000000eab00000, 0x00000000ec700000, 0x0000000100000000)
  eden space 16384K, 100% used [0x00000000eab00000,0x00000000ebb00000,0x00000000ebb00000)
  from space 3584K, 91% used [0x00000000ec380000,0x00000000ec6b26a8,0x00000000ec700000)
  to   space 5120K, 0% used [0x00000000ebd00000,0x00000000ebd00000,0x00000000ec200000)
 ParOldGen       total 132096K, used 99677K [0x00000000c0000000, 0x00000000c8100000, 0x00000000eab00000)
  object space 132096K, 75% used [0x00000000c0000000,0x00000000c6157790,0x00000000c8100000)
 Metaspace       used 57084K, committed 58240K, reserved 1114112K
  class space    used 6169K, committed 6656K, reserved 1048576K
}
Event: 76.271 GC heap after
{Heap after GC invocations=61 (full 4):
 PSYoungGen      total 23040K, used 5115K [0x00000000eab00000, 0x00000000eca80000, 0x0000000100000000)
  eden space 17920K, 0% used [0x00000000eab00000,0x00000000eab00000,0x00000000ebc80000)
  from space 5120K, 99% used [0x00000000ebd00000,0x00000000ec1fec18,0x00000000ec200000)
  to   space 7168K, 0% used [0x00000000ec380000,0x00000000ec380000,0x00000000eca80000)
 ParOldGen       total 132096K, used 100775K [0x00000000c0000000, 0x00000000c8100000, 0x00000000eab00000)
  object space 132096K, 76% used [0x00000000c0000000,0x00000000c6269c98,0x00000000c8100000)
 Metaspace       used 57084K, committed 58240K, reserved 1114112K
  class space    used 6169K, committed 6656K, reserved 1048576K
}
Event: 76.788 GC heap before
{Heap before GC invocations=62 (full 4):
 PSYoungGen      total 23040K, used 23035K [0x00000000eab00000, 0x00000000eca80000, 0x0000000100000000)
  eden space 17920K, 100% used [0x00000000eab00000,0x00000000ebc80000,0x00000000ebc80000)
  from space 5120K, 99% used [0x00000000ebd00000,0x00000000ec1fec18,0x00000000ec200000)
  to   space 7168K, 0% used [0x00000000ec380000,0x00000000ec380000,0x00000000eca80000)
 ParOldGen       total 132096K, used 100775K [0x00000000c0000000, 0x00000000c8100000, 0x00000000eab00000)
  object space 132096K, 76% used [0x00000000c0000000,0x00000000c6269c98,0x00000000c8100000)
 Metaspace       used 57329K, committed 58432K, reserved 1114112K
  class space    used 6191K, committed 6656K, reserved 1048576K
}
Event: 76.962 GC heap after
{Heap after GC invocations=62 (full 4):
 PSYoungGen      total 23040K, used 3507K [0x00000000eab00000, 0x00000000ec700000, 0x0000000100000000)
  eden space 19456K, 0% used [0x00000000eab00000,0x00000000eab00000,0x00000000ebe00000)
  from space 3584K, 97% used [0x00000000ec380000,0x00000000ec6eccd0,0x00000000ec700000)
  to   space 4608K, 0% used [0x00000000ebe00000,0x00000000ebe00000,0x00000000ec280000)
 ParOldGen       total 132096K, used 105825K [0x00000000c0000000, 0x00000000c8100000, 0x00000000eab00000)
  object space 132096K, 80% used [0x00000000c0000000,0x00000000c6758678,0x00000000c8100000)
 Metaspace       used 57329K, committed 58432K, reserved 1114112K
  class space    used 6191K, committed 6656K, reserved 1048576K
}
Event: 77.051 GC heap before
{Heap before GC invocations=63 (full 4):
 PSYoungGen      total 23040K, used 22963K [0x00000000eab00000, 0x00000000ec700000, 0x0000000100000000)
  eden space 19456K, 100% used [0x00000000eab00000,0x00000000ebe00000,0x00000000ebe00000)
  from space 3584K, 97% used [0x00000000ec380000,0x00000000ec6eccd0,0x00000000ec700000)
  to   space 4608K, 0% used [0x00000000ebe00000,0x00000000ebe00000,0x00000000ec280000)
 ParOldGen       total 132096K, used 105825K [0x00000000c0000000, 0x00000000c8100000, 0x00000000eab00000)
  object space 132096K, 80% used [0x00000000c0000000,0x00000000c6758678,0x00000000c8100000)
 Metaspace       used 57332K, committed 58432K, reserved 1114112K
  class space    used 6191K, committed 6656K, reserved 1048576K
}
Event: 77.084 GC heap after
{Heap after GC invocations=63 (full 4):
 PSYoungGen      total 24064K, used 4592K [0x00000000eab00000, 0x00000000ed200000, 0x0000000100000000)
  eden space 19456K, 0% used [0x00000000eab00000,0x00000000eab00000,0x00000000ebe00000)
  from space 4608K, 99% used [0x00000000ebe00000,0x00000000ec27c2f8,0x00000000ec280000)
  to   space 9216K, 0% used [0x00000000ec900000,0x00000000ec900000,0x00000000ed200000)
 ParOldGen       total 132096K, used 109166K [0x00000000c0000000, 0x00000000c8100000, 0x00000000eab00000)
  object space 132096K, 82% used [0x00000000c0000000,0x00000000c6a9b9e8,0x00000000c8100000)
 Metaspace       used 57332K, committed 58432K, reserved 1114112K
  class space    used 6191K, committed 6656K, reserved 1048576K
}
Event: 77.293 GC heap before
{Heap before GC invocations=64 (full 4):
 PSYoungGen      total 24064K, used 24048K [0x00000000eab00000, 0x00000000ed200000, 0x0000000100000000)
  eden space 19456K, 100% used [0x00000000eab00000,0x00000000ebe00000,0x00000000ebe00000)
  from space 4608K, 99% used [0x00000000ebe00000,0x00000000ec27c2f8,0x00000000ec280000)
  to   space 9216K, 0% used [0x00000000ec900000,0x00000000ec900000,0x00000000ed200000)
 ParOldGen       total 132096K, used 109166K [0x00000000c0000000, 0x00000000c8100000, 0x00000000eab00000)
  object space 132096K, 82% used [0x00000000c0000000,0x00000000c6a9b9e8,0x00000000c8100000)
 Metaspace       used 57570K, committed 58752K, reserved 1114112K
  class space    used 6225K, committed 6720K, reserved 1048576K
}
Event: 77.383 GC heap after
{Heap after GC invocations=64 (full 4):
 PSYoungGen      total 25600K, used 3097K [0x00000000eab00000, 0x00000000ecc80000, 0x0000000100000000)
  eden space 22016K, 0% used [0x00000000eab00000,0x00000000eab00000,0x00000000ec080000)
  from space 3584K, 86% used [0x00000000ec900000,0x00000000ecc067a8,0x00000000ecc80000)
  to   space 5120K, 0% used [0x00000000ec280000,0x00000000ec280000,0x00000000ec780000)
 ParOldGen       total 132096K, used 113752K [0x00000000c0000000, 0x00000000c8100000, 0x00000000eab00000)
  object space 132096K, 86% used [0x00000000c0000000,0x00000000c6f16250,0x00000000c8100000)
 Metaspace       used 57570K, committed 58752K, reserved 1114112K
  class space    used 6225K, committed 6720K, reserved 1048576K
}
Event: 77.750 GC heap before
{Heap before GC invocations=65 (full 4):
 PSYoungGen      total 25600K, used 25113K [0x00000000eab00000, 0x00000000ecc80000, 0x0000000100000000)
  eden space 22016K, 100% used [0x00000000eab00000,0x00000000ec080000,0x00000000ec080000)
  from space 3584K, 86% used [0x00000000ec900000,0x00000000ecc067a8,0x00000000ecc80000)
  to   space 5120K, 0% used [0x00000000ec280000,0x00000000ec280000,0x00000000ec780000)
 ParOldGen       total 132096K, used 113752K [0x00000000c0000000, 0x00000000c8100000, 0x00000000eab00000)
  object space 132096K, 86% used [0x00000000c0000000,0x00000000c6f16250,0x00000000c8100000)
 Metaspace       used 57577K, committed 58752K, reserved 1114112K
  class space    used 6227K, committed 6720K, reserved 1048576K
}
Event: 77.781 GC heap after
{Heap after GC invocations=65 (full 4):
 PSYoungGen      total 29184K, used 4510K [0x00000000eab00000, 0x00000000ecd00000, 0x0000000100000000)
  eden space 24064K, 0% used [0x00000000eab00000,0x00000000eab00000,0x00000000ec280000)
  from space 5120K, 88% used [0x00000000ec280000,0x00000000ec6e7b98,0x00000000ec780000)
  to   space 5120K, 0% used [0x00000000ec800000,0x00000000ec800000,0x00000000ecd00000)
 ParOldGen       total 132096K, used 116761K [0x00000000c0000000, 0x00000000c8100000, 0x00000000eab00000)
  object space 132096K, 88% used [0x00000000c0000000,0x00000000c72064a0,0x00000000c8100000)
 Metaspace       used 57577K, committed 58752K, reserved 1114112K
  class space    used 6227K, committed 6720K, reserved 1048576K
}
Event: 78.253 GC heap before
{Heap before GC invocations=66 (full 4):
 PSYoungGen      total 29184K, used 28574K [0x00000000eab00000, 0x00000000ecd00000, 0x0000000100000000)
  eden space 24064K, 100% used [0x00000000eab00000,0x00000000ec280000,0x00000000ec280000)
  from space 5120K, 88% used [0x00000000ec280000,0x00000000ec6e7b98,0x00000000ec780000)
  to   space 5120K, 0% used [0x00000000ec800000,0x00000000ec800000,0x00000000ecd00000)
 ParOldGen       total 132096K, used 116761K [0x00000000c0000000, 0x00000000c8100000, 0x00000000eab00000)
  object space 132096K, 88% used [0x00000000c0000000,0x00000000c72064a0,0x00000000c8100000)
 Metaspace       used 57591K, committed 58752K, reserved 1114112K
  class space    used 6228K, committed 6720K, reserved 1048576K
}
Event: 78.353 GC heap after
{Heap after GC invocations=66 (full 4):
 PSYoungGen      total 23552K, used 5108K [0x00000000eab00000, 0x00000000edb00000, 0x0000000100000000)
  eden space 18432K, 0% used [0x00000000eab00000,0x00000000eab00000,0x00000000ebd00000)
  from space 5120K, 99% used [0x00000000ec800000,0x00000000eccfd268,0x00000000ecd00000)
  to   space 11264K, 0% used [0x00000000ebd00000,0x00000000ebd00000,0x00000000ec800000)
 ParOldGen       total 132096K, used 121655K [0x00000000c0000000, 0x00000000c8100000, 0x00000000eab00000)
  object space 132096K, 92% used [0x00000000c0000000,0x00000000c76cddf0,0x00000000c8100000)
 Metaspace       used 57591K, committed 58752K, reserved 1114112K
  class space    used 6228K, committed 6720K, reserved 1048576K
}
Event: 79.078 GC heap before
{Heap before GC invocations=67 (full 4):
 PSYoungGen      total 23552K, used 23540K [0x00000000eab00000, 0x00000000edb00000, 0x0000000100000000)
  eden space 18432K, 100% used [0x00000000eab00000,0x00000000ebd00000,0x00000000ebd00000)
  from space 5120K, 99% used [0x00000000ec800000,0x00000000eccfd268,0x00000000ecd00000)
  to   space 11264K, 0% used [0x00000000ebd00000,0x00000000ebd00000,0x00000000ec800000)
 ParOldGen       total 132096K, used 121655K [0x00000000c0000000, 0x00000000c8100000, 0x00000000eab00000)
  object space 132096K, 92% used [0x00000000c0000000,0x00000000c76cddf0,0x00000000c8100000)
 Metaspace       used 57645K, committed 58816K, reserved 1114112K
  class space    used 6234K, committed 6720K, reserved 1048576K
}
Event: 79.299 GC heap after
{Heap after GC invocations=67 (full 4):
 PSYoungGen      total 21504K, used 2793K [0x00000000eab00000, 0x00000000eca80000, 0x0000000100000000)
  eden space 18432K, 0% used [0x00000000eab00000,0x00000000eab00000,0x00000000ebd00000)
  from space 3072K, 90% used [0x00000000ebd00000,0x00000000ebfba580,0x00000000ec000000)
  to   space 5632K, 0% used [0x00000000ec500000,0x00000000ec500000,0x00000000eca80000)
 ParOldGen       total 132096K, used 126609K [0x00000000c0000000, 0x00000000c8100000, 0x00000000eab00000)
  object space 132096K, 95% used [0x00000000c0000000,0x00000000c7ba47a8,0x00000000c8100000)
 Metaspace       used 57645K, committed 58816K, reserved 1114112K
  class space    used 6234K, committed 6720K, reserved 1048576K
}
Event: 80.048 GC heap before
{Heap before GC invocations=68 (full 4):
 PSYoungGen      total 21504K, used 21225K [0x00000000eab00000, 0x00000000eca80000, 0x0000000100000000)
  eden space 18432K, 100% used [0x00000000eab00000,0x00000000ebd00000,0x00000000ebd00000)
  from space 3072K, 90% used [0x00000000ebd00000,0x00000000ebfba580,0x00000000ec000000)
  to   space 5632K, 0% used [0x00000000ec500000,0x00000000ec500000,0x00000000eca80000)
 ParOldGen       total 132096K, used 126609K [0x00000000c0000000, 0x00000000c8100000, 0x00000000eab00000)
  object space 132096K, 95% used [0x00000000c0000000,0x00000000c7ba47a8,0x00000000c8100000)
 Metaspace       used 57737K, committed 58880K, reserved 1114112K
  class space    used 6244K, committed 6720K, reserved 1048576K
}
Event: 80.221 GC heap after
{Heap after GC invocations=68 (full 4):
 PSYoungGen      total 24064K, used 2849K [0x00000000eab00000, 0x00000000ec800000, 0x0000000100000000)
  eden space 20992K, 0% used [0x00000000eab00000,0x00000000eab00000,0x00000000ebf80000)
  from space 3072K, 92% used [0x00000000ec500000,0x00000000ec7c8640,0x00000000ec800000)
  to   space 3584K, 0% used [0x00000000ec100000,0x00000000ec100000,0x00000000ec480000)
 ParOldGen       total 132096K, used 129358K [0x00000000c0000000, 0x00000000c8100000, 0x00000000eab00000)
  object space 132096K, 97% used [0x00000000c0000000,0x00000000c7e53ac8,0x00000000c8100000)
 Metaspace       used 57737K, committed 58880K, reserved 1114112K
  class space    used 6244K, committed 6720K, reserved 1048576K
}
Event: 80.221 GC heap before
{Heap before GC invocations=69 (full 5):
 PSYoungGen      total 24064K, used 2849K [0x00000000eab00000, 0x00000000ec800000, 0x0000000100000000)
  eden space 20992K, 0% used [0x00000000eab00000,0x00000000eab00000,0x00000000ebf80000)
  from space 3072K, 92% used [0x00000000ec500000,0x00000000ec7c8640,0x00000000ec800000)
  to   space 3584K, 0% used [0x00000000ec100000,0x00000000ec100000,0x00000000ec480000)
 ParOldGen       total 132096K, used 129358K [0x00000000c0000000, 0x00000000c8100000, 0x00000000eab00000)
  object space 132096K, 97% used [0x00000000c0000000,0x00000000c7e53ac8,0x00000000c8100000)
 Metaspace       used 57737K, committed 58880K, reserved 1114112K
  class space    used 6244K, committed 6720K, reserved 1048576K
}

